<?xml version="1.0" encoding="UTF-8"?>
<coverage generated="1701967378847" clover="3.2.0">
  <project timestamp="1701967378847" name="All files">
    <metrics statements="6" coveredstatements="6" conditionals="2" coveredconditionals="2" methods="6" coveredmethods="6" elements="14" coveredelements="14" complexity="0" loc="6" ncloc="6" packages="1" files="1" classes="1"/>
    <file name="utils.js" path="D:\Dev\1-microverse\Microverse-M2-W2-To-Do-List\src\utils.js">
      <metrics statements="6" coveredstatements="6" conditionals="2" coveredconditionals="2" methods="6" coveredmethods="6"/>
      <line num="2" count="1" type="stmt"/>
      <line num="3" count="3" type="stmt"/>
      <line num="4" count="1" type="stmt"/>
      <line num="8" count="2" type="stmt"/>
      <line num="15" count="2" type="cond" truecount="2" falsecount="0"/>
      <line num="19" count="2" type="stmt"/>
    </file>
  </project>
</coverage>
