{"D:\\Dev\\1-microverse\\Microverse-M2-W2-To-Do-List\\src\\utils.js": {"path":"D:\\Dev\\1-microverse\\Microverse-M2-W2-To-Do-List\\src\\utils.js","statementMap":{"0":{"start":{"line":2,"column":17},"end":{"line":2,"column":25}},"1":{"start":{"line":3,"column":2},"end":{"line":3,"column":51}},"2":{"start":{"line":3,"column":24},"end":{"line":3,"column":49}},"3":{"start":{"line":4,"column":2},"end":{"line":4,"column":16}},"4":{"start":{"line":8,"column":2},"end":{"line":11,"column":6}},"5":{"start":{"line":8,"column":28},"end":{"line":11,"column":3}},"6":{"start":{"line":15,"column":2},"end":{"line":15,"column":53}},"7":{"start":{"line":19,"column":2},"end":{"line":19,"column":49}}},"fnMap":{"0":{"name":"sortArr","decl":{"start":{"line":1,"column":9},"end":{"line":1,"column":16}},"loc":{"start":{"line":1,"column":32},"end":{"line":5,"column":1}},"line":1},"1":{"name":"(anonymous_1)","decl":{"start":{"line":3,"column":14},"end":{"line":3,"column":15}},"loc":{"start":{"line":3,"column":24},"end":{"line":3,"column":49}},"line":3},"2":{"name":"incrementProp","decl":{"start":{"line":7,"column":9},"end":{"line":7,"column":22}},"loc":{"start":{"line":7,"column":38},"end":{"line":12,"column":1}},"line":7},"3":{"name":"(anonymous_3)","decl":{"start":{"line":8,"column":17},"end":{"line":8,"column":18}},"loc":{"start":{"line":8,"column":28},"end":{"line":11,"column":3}},"line":8},"4":{"name":"loadFromStorage","decl":{"start":{"line":14,"column":9},"end":{"line":14,"column":24}},"loc":{"start":{"line":14,"column":30},"end":{"line":16,"column":1}},"line":14},"5":{"name":"saveToStorage","decl":{"start":{"line":18,"column":9},"end":{"line":18,"column":22}},"loc":{"start":{"line":18,"column":33},"end":{"line":20,"column":1}},"line":18}},"branchMap":{"0":{"loc":{"start":{"line":15,"column":9},"end":{"line":15,"column":52}},"type":"binary-expr","locations":[{"start":{"line":15,"column":9},"end":{"line":15,"column":46}},{"start":{"line":15,"column":50},"end":{"line":15,"column":52}}],"line":15}},"s":{"0":1,"1":1,"2":3,"3":1,"4":1,"5":2,"6":2,"7":2},"f":{"0":1,"1":3,"2":1,"3":2,"4":2,"5":2},"b":{"0":[2,1]},"_coverageSchema":"1a1c01bbd47fc00a2c39e90264f33305004495a9","hash":"cbc5d9f61a44ac0a6d8693a201947665e4d0a24b"}
}
