{"D:\\Dev\\1-microverse\\Microverse-M2-W2-To-Do-List\\src\\todos.js": {"path":"D:\\Dev\\1-microverse\\Microverse-M2-W2-To-Do-List\\src\\todos.js","statementMap":{"0":{"start":{"line":4,"column":34},"end":{"line":4,"column":38}},"1":{"start":{"line":5,"column":19},"end":{"line":5,"column":47}},"2":{"start":{"line":7,"column":2},"end":{"line":7,"column":27}},"3":{"start":{"line":8,"column":2},"end":{"line":8,"column":46}},"4":{"start":{"line":9,"column":2},"end":{"line":9,"column":39}},"5":{"start":{"line":11,"column":18},"end":{"line":11,"column":47}},"6":{"start":{"line":12,"column":2},"end":{"line":12,"column":51}},"7":{"start":{"line":14,"column":24},"end":{"line":14,"column":53}},"8":{"start":{"line":16,"column":23},"end":{"line":16,"column":54}},"9":{"start":{"line":17,"column":2},"end":{"line":17,"column":33}},"10":{"start":{"line":18,"column":2},"end":{"line":18,"column":35}},"11":{"start":{"line":19,"column":2},"end":{"line":19,"column":35}},"12":{"start":{"line":20,"column":2},"end":{"line":20,"column":37}},"13":{"start":{"line":22,"column":19},"end":{"line":22,"column":50}},"14":{"start":{"line":23,"column":2},"end":{"line":23,"column":24}},"15":{"start":{"line":24,"column":2},"end":{"line":24,"column":32}},"16":{"start":{"line":25,"column":2},"end":{"line":25,"column":27}},"17":{"start":{"line":26,"column":2},"end":{"line":31,"column":4}},"18":{"start":{"line":33,"column":17},"end":{"line":33,"column":49}},"19":{"start":{"line":34,"column":2},"end":{"line":34,"column":25}},"20":{"start":{"line":35,"column":2},"end":{"line":35,"column":27}},"21":{"start":{"line":36,"column":14},"end":{"line":36,"column":75}},"22":{"start":{"line":37,"column":2},"end":{"line":37,"column":24}},"23":{"start":{"line":38,"column":2},"end":{"line":38,"column":58}},"24":{"start":{"line":39,"column":2},"end":{"line":39,"column":43}},"25":{"start":{"line":40,"column":2},"end":{"line":40,"column":36}},"26":{"start":{"line":41,"column":2},"end":{"line":41,"column":37}},"27":{"start":{"line":42,"column":15},"end":{"line":42,"column":77}},"28":{"start":{"line":43,"column":2},"end":{"line":49,"column":4}},"29":{"start":{"line":50,"column":2},"end":{"line":50,"column":24}},"30":{"start":{"line":51,"column":2},"end":{"line":51,"column":26}},"31":{"start":{"line":52,"column":2},"end":{"line":52,"column":42}},"32":{"start":{"line":53,"column":2},"end":{"line":53,"column":38}},"33":{"start":{"line":54,"column":2},"end":{"line":54,"column":37}},"34":{"start":{"line":55,"column":2},"end":{"line":55,"column":30}},"35":{"start":{"line":56,"column":2},"end":{"line":56,"column":32}},"36":{"start":{"line":57,"column":2},"end":{"line":57,"column":34}},"37":{"start":{"line":61,"column":2},"end":{"line":65,"column":4}},"38":{"start":{"line":69,"column":24},"end":{"line":69,"column":68}},"39":{"start":{"line":69,"column":47},"end":{"line":69,"column":67}},"40":{"start":{"line":70,"column":2},"end":{"line":70,"column":23}}},"fnMap":{"0":{"name":"renderTodo","decl":{"start":{"line":3,"column":9},"end":{"line":3,"column":19}},"loc":{"start":{"line":3,"column":37},"end":{"line":58,"column":1}},"line":3},"1":{"name":"createTodo","decl":{"start":{"line":60,"column":9},"end":{"line":60,"column":19}},"loc":{"start":{"line":60,"column":41},"end":{"line":66,"column":1}},"line":60},"2":{"name":"removeTodo","decl":{"start":{"line":68,"column":9},"end":{"line":68,"column":19}},"loc":{"start":{"line":68,"column":40},"end":{"line":71,"column":1}},"line":68},"3":{"name":"(anonymous_3)","decl":{"start":{"line":69,"column":37},"end":{"line":69,"column":38}},"loc":{"start":{"line":69,"column":47},"end":{"line":69,"column":67}},"line":69}},"branchMap":{},"s":{"0":1,"1":1,"2":1,"3":1,"4":1,"5":1,"6":1,"7":1,"8":1,"9":1,"10":1,"11":1,"12":1,"13":1,"14":1,"15":1,"16":1,"17":1,"18":1,"19":1,"20":1,"21":1,"22":1,"23":1,"24":1,"25":1,"26":1,"27":1,"28":1,"29":1,"30":1,"31":1,"32":1,"33":1,"34":1,"35":1,"36":1,"37":0,"38":1,"39":3,"40":1},"f":{"0":1,"1":0,"2":1,"3":3},"b":{},"_coverageSchema":"1a1c01bbd47fc00a2c39e90264f33305004495a9","hash":"33cd4212d7f854bcfd89b39872e17c4d9aaa2ffa"}
,"D:\\Dev\\1-microverse\\Microverse-M2-W2-To-Do-List\\src\\utils.js": {"path":"D:\\Dev\\1-microverse\\Microverse-M2-W2-To-Do-List\\src\\utils.js","statementMap":{"0":{"start":{"line":2,"column":17},"end":{"line":2,"column":25}},"1":{"start":{"line":3,"column":2},"end":{"line":3,"column":51}},"2":{"start":{"line":3,"column":24},"end":{"line":3,"column":49}},"3":{"start":{"line":4,"column":2},"end":{"line":4,"column":16}},"4":{"start":{"line":8,"column":2},"end":{"line":11,"column":6}},"5":{"start":{"line":8,"column":28},"end":{"line":11,"column":3}},"6":{"start":{"line":15,"column":2},"end":{"line":15,"column":53}},"7":{"start":{"line":19,"column":2},"end":{"line":19,"column":49}}},"fnMap":{"0":{"name":"sortArr","decl":{"start":{"line":1,"column":9},"end":{"line":1,"column":16}},"loc":{"start":{"line":1,"column":32},"end":{"line":5,"column":1}},"line":1},"1":{"name":"(anonymous_1)","decl":{"start":{"line":3,"column":14},"end":{"line":3,"column":15}},"loc":{"start":{"line":3,"column":24},"end":{"line":3,"column":49}},"line":3},"2":{"name":"incrementProp","decl":{"start":{"line":7,"column":9},"end":{"line":7,"column":22}},"loc":{"start":{"line":7,"column":38},"end":{"line":12,"column":1}},"line":7},"3":{"name":"(anonymous_3)","decl":{"start":{"line":8,"column":17},"end":{"line":8,"column":18}},"loc":{"start":{"line":8,"column":28},"end":{"line":11,"column":3}},"line":8},"4":{"name":"loadFromStorage","decl":{"start":{"line":14,"column":9},"end":{"line":14,"column":24}},"loc":{"start":{"line":14,"column":30},"end":{"line":16,"column":1}},"line":14},"5":{"name":"saveToStorage","decl":{"start":{"line":18,"column":9},"end":{"line":18,"column":22}},"loc":{"start":{"line":18,"column":33},"end":{"line":20,"column":1}},"line":18}},"branchMap":{"0":{"loc":{"start":{"line":15,"column":9},"end":{"line":15,"column":52}},"type":"binary-expr","locations":[{"start":{"line":15,"column":9},"end":{"line":15,"column":46}},{"start":{"line":15,"column":50},"end":{"line":15,"column":52}}],"line":15}},"s":{"0":1,"1":1,"2":3,"3":1,"4":1,"5":2,"6":2,"7":2},"f":{"0":1,"1":3,"2":1,"3":2,"4":2,"5":2},"b":{"0":[2,1]},"_coverageSchema":"1a1c01bbd47fc00a2c39e90264f33305004495a9","hash":"cbc5d9f61a44ac0a6d8693a201947665e4d0a24b"}
}
