TN:
SF:src\todos.js
FN:3,renderTodo
FN:60,createTodo
FN:68,removeTodo
FN:69,(anonymous_3)
FNF:4
FNH:3
FNDA:1,renderTodo
FNDA:0,createTodo
FNDA:1,removeTodo
FNDA:3,(anonymous_3)
DA:4,1
DA:5,1
DA:7,1
DA:8,1
DA:9,1
DA:11,1
DA:12,1
DA:14,1
DA:16,1
DA:17,1
DA:18,1
DA:19,1
DA:20,1
DA:22,1
DA:23,1
DA:24,1
DA:25,1
DA:26,1
DA:33,1
DA:34,1
DA:35,1
DA:36,1
DA:37,1
DA:38,1
DA:39,1
DA:40,1
DA:41,1
DA:42,1
DA:43,1
DA:50,1
DA:51,1
DA:52,1
DA:53,1
DA:54,1
DA:55,1
DA:56,1
DA:57,1
DA:61,0
DA:69,3
DA:70,1
LF:40
LH:39
BRF:0
BRH:0
end_of_record
TN:
SF:src\utils.js
FN:1,sortArr
FN:3,(anonymous_1)
FN:7,incrementProp
FN:8,(anonymous_3)
FN:14,loadFromStorage
FN:18,saveToStorage
FNF:6
FNH:6
FNDA:1,sortArr
FNDA:3,(anonymous_1)
FNDA:1,incrementProp
FNDA:2,(anonymous_3)
FNDA:2,loadFromStorage
FNDA:2,saveToStorage
DA:2,1
DA:3,3
DA:4,1
DA:8,2
DA:15,2
DA:19,2
LF:6
LH:6
BRDA:15,0,0,2
BRDA:15,0,1,1
BRF:2
BRH:2
end_of_record
